<?xml version="1.0" encoding="UTF-8"?>
<!-- Generated by org.testng.reporters.JUnitXMLReporter -->
<testsuite ignored="0" hostname="Sachins-MacBook-Pro.local" failures="0" tests="11" name="Surefire test" time="0.079" errors="0" timestamp="2025-08-10T19:47:07 BST">
  <testcase classname="com.memgres.testing.MemGresTestNGIntegrationTest" name="testConfigurationProviderAvailability" time="0.009"/>
  <testcase classname="com.memgres.testing.MemGresTestNGIntegrationTest" name="testCustomSchemaConfiguration" time="0.036"/>
  <testcase classname="com.memgres.testing.MemGresTestNGIntegrationTest" name="testJoinOperationsInTestNGEnvironment" time="0.009"/>
  <testcase classname="com.memgres.testing.MemGresTestNGIntegrationTest" name="testMethodIsolation1" time="0.0"/>
  <testcase classname="com.memgres.testing.MemGresTestNGIntegrationTest" name="testMethodIsolation2" time="0.0"/>
  <testcase classname="com.memgres.testing.MemGresTestNGIntegrationTest" name="testMethodLevelAnnotationWithDataSourceOperations" time="0.003"/>
  <testcase classname="com.memgres.testing.MemGresTestNGIntegrationTest" name="testMethodLevelAnnotationWithManualEngineRetrieval" time="0.001"/>
  <testcase classname="com.memgres.testing.MemGresTestNGIntegrationTest" name="testMethodLevelAnnotationWithSqlEngineOperations" time="0.001"/>
  <testcase classname="com.memgres.testing.MemGresTestNGIntegrationTest" name="testTransactionalMode" time="0.001"/>
  <testcase classname="com.memgres.testing.SimpleTestNGTest" name="testBasicTestNGIntegration" time="0.001"/>
  <testcase classname="com.memgres.testing.SimpleTestNGTest" name="testTransactionalTestNGIntegration" time="0.001"/>
</testsuite> <!-- Surefire test -->
