<?xml version="1.0" encoding="UTF-8"?>
<testsuite xmlns:xsi="http://www.w3.org/2001/XMLSchema-instance" xsi:noNamespaceSchemaLocation="https://maven.apache.org/surefire/maven-surefire-plugin/xsd/surefire-test-report-3.0.xsd" version="3.0" name="com.memgres.sql.AggregationIntegrationTest" time="0.007" tests="8" errors="0" skipped="0" failures="0">
  <properties>
[...]
</properties>
  <testcase name="testCountFunction" classname="com.memgres.sql.AggregationIntegrationTest" time="0.001">
    <system-out><![CDATA[19:47:06.956 [main] INFO com.memgres.transaction.TransactionManager -- Transaction manager initialized
19:47:06.956 [main] INFO com.memgres.core.MemGresEngine -- MemGres Engine created
19:47:06.956 [main] INFO com.memgres.core.MemGresEngine -- MemGres Engine initialized successfully
19:47:06.957 [main] INFO com.memgres.sql.AggregationIntegrationTest -- Test table created: employees (6 rows)
19:47:06.957 [main] INFO com.memgres.sql.AggregationIntegrationTest -- Aggregation test setup complete
19:47:06.957 [main] INFO com.memgres.sql.AggregationIntegrationTest -- Testing COUNT function
19:47:06.957 [main] INFO com.memgres.sql.AggregationIntegrationTest -- Active employee count: 5
19:47:06.957 [main] INFO com.memgres.sql.AggregationIntegrationTest -- COUNT function test passed
19:47:06.957 [main] INFO com.memgres.transaction.TransactionManager -- Shutting down transaction manager with 0 active transactions
19:47:06.957 [main] INFO com.memgres.transaction.TransactionManager -- Transaction manager shutdown complete
19:47:06.957 [main] INFO com.memgres.core.MemGresEngine -- MemGres Engine shutdown successfully
19:47:06.957 [main] INFO com.memgres.sql.AggregationIntegrationTest -- Aggregation test teardown complete
]]></system-out>
  </testcase>
  <testcase name="testMultipleAggregatesInGroupBy" classname="com.memgres.sql.AggregationIntegrationTest" time="0.001">
    <system-out><![CDATA[19:47:06.957 [main] INFO com.memgres.transaction.TransactionManager -- Transaction manager initialized
19:47:06.957 [main] INFO com.memgres.core.MemGresEngine -- MemGres Engine created
19:47:06.957 [main] INFO com.memgres.core.MemGresEngine -- MemGres Engine initialized successfully
19:47:06.958 [main] INFO com.memgres.sql.AggregationIntegrationTest -- Test table created: employees (6 rows)
19:47:06.958 [main] INFO com.memgres.sql.AggregationIntegrationTest -- Aggregation test setup complete
19:47:06.958 [main] INFO com.memgres.sql.AggregationIntegrationTest -- Testing multiple aggregates in GROUP BY
19:47:06.958 [main] INFO com.memgres.sql.AggregationIntegrationTest -- Multiple aggregates in GROUP BY test passed
19:47:06.958 [main] INFO com.memgres.transaction.TransactionManager -- Shutting down transaction manager with 0 active transactions
19:47:06.958 [main] INFO com.memgres.transaction.TransactionManager -- Transaction manager shutdown complete
19:47:06.958 [main] INFO com.memgres.core.MemGresEngine -- MemGres Engine shutdown successfully
19:47:06.958 [main] INFO com.memgres.sql.AggregationIntegrationTest -- Aggregation test teardown complete
]]></system-out>
  </testcase>
  <testcase name="testSumFunction" classname="com.memgres.sql.AggregationIntegrationTest" time="0.001">
    <system-out><![CDATA[19:47:06.958 [main] INFO com.memgres.transaction.TransactionManager -- Transaction manager initialized
19:47:06.958 [main] INFO com.memgres.core.MemGresEngine -- MemGres Engine created
19:47:06.958 [main] INFO com.memgres.core.MemGresEngine -- MemGres Engine initialized successfully
19:47:06.958 [main] INFO com.memgres.sql.AggregationIntegrationTest -- Test table created: employees (6 rows)
19:47:06.958 [main] INFO com.memgres.sql.AggregationIntegrationTest -- Aggregation test setup complete
19:47:06.958 [main] INFO com.memgres.sql.AggregationIntegrationTest -- Testing SUM function
19:47:06.959 [main] INFO com.memgres.sql.AggregationIntegrationTest -- SUM function test passed
19:47:06.959 [main] INFO com.memgres.transaction.TransactionManager -- Shutting down transaction manager with 0 active transactions
19:47:06.959 [main] INFO com.memgres.transaction.TransactionManager -- Transaction manager shutdown complete
19:47:06.959 [main] INFO com.memgres.core.MemGresEngine -- MemGres Engine shutdown successfully
19:47:06.959 [main] INFO com.memgres.sql.AggregationIntegrationTest -- Aggregation test teardown complete
]]></system-out>
  </testcase>
  <testcase name="testAvgFunction" classname="com.memgres.sql.AggregationIntegrationTest" time="0.001">
    <system-out><![CDATA[19:47:06.959 [main] INFO com.memgres.transaction.TransactionManager -- Transaction manager initialized
19:47:06.959 [main] INFO com.memgres.core.MemGresEngine -- MemGres Engine created
19:47:06.959 [main] INFO com.memgres.core.MemGresEngine -- MemGres Engine initialized successfully
19:47:06.959 [main] INFO com.memgres.sql.AggregationIntegrationTest -- Test table created: employees (6 rows)
19:47:06.959 [main] INFO com.memgres.sql.AggregationIntegrationTest -- Aggregation test setup complete
19:47:06.959 [main] INFO com.memgres.sql.AggregationIntegrationTest -- Testing AVG function
19:47:06.959 [main] INFO com.memgres.sql.AggregationIntegrationTest -- AVG function test passed
19:47:06.959 [main] INFO com.memgres.transaction.TransactionManager -- Shutting down transaction manager with 0 active transactions
19:47:06.959 [main] INFO com.memgres.transaction.TransactionManager -- Transaction manager shutdown complete
19:47:06.959 [main] INFO com.memgres.core.MemGresEngine -- MemGres Engine shutdown successfully
19:47:06.959 [main] INFO com.memgres.sql.AggregationIntegrationTest -- Aggregation test teardown complete
]]></system-out>
  </testcase>
  <testcase name="testMinMaxFunctions" classname="com.memgres.sql.AggregationIntegrationTest" time="0.0">
    <system-out><![CDATA[19:47:06.960 [main] INFO com.memgres.transaction.TransactionManager -- Transaction manager initialized
19:47:06.960 [main] INFO com.memgres.core.MemGresEngine -- MemGres Engine created
19:47:06.960 [main] INFO com.memgres.core.MemGresEngine -- MemGres Engine initialized successfully
19:47:06.960 [main] INFO com.memgres.sql.AggregationIntegrationTest -- Test table created: employees (6 rows)
19:47:06.960 [main] INFO com.memgres.sql.AggregationIntegrationTest -- Aggregation test setup complete
19:47:06.960 [main] INFO com.memgres.sql.AggregationIntegrationTest -- Testing MIN and MAX functions
19:47:06.960 [main] INFO com.memgres.sql.AggregationIntegrationTest -- MIN/MAX functions test passed
19:47:06.960 [main] INFO com.memgres.transaction.TransactionManager -- Shutting down transaction manager with 0 active transactions
19:47:06.960 [main] INFO com.memgres.transaction.TransactionManager -- Transaction manager shutdown complete
19:47:06.960 [main] INFO com.memgres.core.MemGresEngine -- MemGres Engine shutdown successfully
19:47:06.960 [main] INFO com.memgres.sql.AggregationIntegrationTest -- Aggregation test teardown complete
]]></system-out>
  </testcase>
  <testcase name="testGroupByWithSum" classname="com.memgres.sql.AggregationIntegrationTest" time="0.0">
    <system-out><![CDATA[19:47:06.961 [main] INFO com.memgres.transaction.TransactionManager -- Transaction manager initialized
19:47:06.961 [main] INFO com.memgres.core.MemGresEngine -- MemGres Engine created
19:47:06.961 [main] INFO com.memgres.core.MemGresEngine -- MemGres Engine initialized successfully
19:47:06.961 [main] INFO com.memgres.sql.AggregationIntegrationTest -- Test table created: employees (6 rows)
19:47:06.961 [main] INFO com.memgres.sql.AggregationIntegrationTest -- Aggregation test setup complete
19:47:06.961 [main] INFO com.memgres.sql.AggregationIntegrationTest -- Testing GROUP BY with SUM
19:47:06.961 [main] INFO com.memgres.sql.AggregationIntegrationTest -- GROUP BY with SUM test passed
19:47:06.961 [main] INFO com.memgres.transaction.TransactionManager -- Shutting down transaction manager with 0 active transactions
19:47:06.961 [main] INFO com.memgres.transaction.TransactionManager -- Transaction manager shutdown complete
19:47:06.961 [main] INFO com.memgres.core.MemGresEngine -- MemGres Engine shutdown successfully
19:47:06.961 [main] INFO com.memgres.sql.AggregationIntegrationTest -- Aggregation test teardown complete
]]></system-out>
  </testcase>
  <testcase name="testGroupByWithCount" classname="com.memgres.sql.AggregationIntegrationTest" time="0.0">
    <system-out><![CDATA[19:47:06.962 [main] INFO com.memgres.transaction.TransactionManager -- Transaction manager initialized
19:47:06.962 [main] INFO com.memgres.core.MemGresEngine -- MemGres Engine created
19:47:06.962 [main] INFO com.memgres.core.MemGresEngine -- MemGres Engine initialized successfully
19:47:06.962 [main] INFO com.memgres.sql.AggregationIntegrationTest -- Test table created: employees (6 rows)
19:47:06.962 [main] INFO com.memgres.sql.AggregationIntegrationTest -- Aggregation test setup complete
19:47:06.962 [main] INFO com.memgres.sql.AggregationIntegrationTest -- Testing GROUP BY with COUNT
19:47:06.962 [main] INFO com.memgres.sql.AggregationIntegrationTest -- GROUP BY with COUNT test passed
19:47:06.962 [main] INFO com.memgres.transaction.TransactionManager -- Shutting down transaction manager with 0 active transactions
19:47:06.962 [main] INFO com.memgres.transaction.TransactionManager -- Transaction manager shutdown complete
19:47:06.962 [main] INFO com.memgres.core.MemGresEngine -- MemGres Engine shutdown successfully
19:47:06.962 [main] INFO com.memgres.sql.AggregationIntegrationTest -- Aggregation test teardown complete
]]></system-out>
  </testcase>
  <testcase name="testSimpleAggregateWithoutGroupBy" classname="com.memgres.sql.AggregationIntegrationTest" time="0.001">
    <system-out><![CDATA[19:47:06.962 [main] INFO com.memgres.transaction.TransactionManager -- Transaction manager initialized
19:47:06.962 [main] INFO com.memgres.core.MemGresEngine -- MemGres Engine created
19:47:06.962 [main] INFO com.memgres.core.MemGresEngine -- MemGres Engine initialized successfully
19:47:06.963 [main] INFO com.memgres.sql.AggregationIntegrationTest -- Test table created: employees (6 rows)
19:47:06.963 [main] INFO com.memgres.sql.AggregationIntegrationTest -- Aggregation test setup complete
19:47:06.963 [main] INFO com.memgres.sql.AggregationIntegrationTest -- Testing simple aggregate without GROUP BY
19:47:06.963 [main] INFO com.memgres.sql.AggregationIntegrationTest -- Simple aggregate without GROUP BY test passed
19:47:06.963 [main] INFO com.memgres.transaction.TransactionManager -- Shutting down transaction manager with 0 active transactions
19:47:06.963 [main] INFO com.memgres.transaction.TransactionManager -- Transaction manager shutdown complete
19:47:06.963 [main] INFO com.memgres.core.MemGresEngine -- MemGres Engine shutdown successfully
19:47:06.963 [main] INFO com.memgres.sql.AggregationIntegrationTest -- Aggregation test teardown complete
]]></system-out>
  </testcase>
</testsuite>