<?xml version="1.0" encoding="UTF-8"?>
<testsuite xmlns:xsi="http://www.w3.org/2001/XMLSchema-instance" xsi:noNamespaceSchemaLocation="https://maven.apache.org/surefire/maven-surefire-plugin/xsd/surefire-test-report-3.0.xsd" version="3.0" name="com.memgres.sql.SqlIntegrationTest" time="0.022" tests="8" errors="0" skipped="0" failures="0">
  <properties>
[...]
</properties>
  <testcase name="testJoinErrorHandling" classname="com.memgres.sql.SqlIntegrationTest" time="0.002">
    <system-out><![CDATA[14:40:53.048 [main] INFO com.memgres.transaction.TransactionManager -- Transaction manager initialized
14:40:53.048 [main] INFO com.memgres.core.MemGresEngine -- MemGres Engine created
14:40:53.048 [main] INFO com.memgres.core.MemGresEngine -- MemGres Engine initialized successfully
14:40:53.048 [main] INFO com.memgres.sql.SqlIntegrationTest -- Test setup complete - engine and SQL execution engine initialized
14:40:53.049 [main] INFO com.memgres.sql.SqlIntegrationTest -- Starting JOIN error handling test
14:40:53.050 [main] INFO com.memgres.sql.SqlIntegrationTest -- JOIN error handling test passed - expected errors were caught
14:40:53.050 [main] INFO com.memgres.transaction.TransactionManager -- Shutting down transaction manager with 0 active transactions
14:40:53.050 [main] INFO com.memgres.transaction.TransactionManager -- Transaction manager shutdown complete
14:40:53.050 [main] INFO com.memgres.core.MemGresEngine -- MemGres Engine shutdown successfully
14:40:53.050 [main] INFO com.memgres.sql.SqlIntegrationTest -- Test teardown complete - engine shutdown
]]></system-out>
  </testcase>
  <testcase name="testCompleteWorkflow" classname="com.memgres.sql.SqlIntegrationTest" time="0.004">
    <system-out><![CDATA[14:40:53.050 [main] INFO com.memgres.transaction.TransactionManager -- Transaction manager initialized
14:40:53.050 [main] INFO com.memgres.core.MemGresEngine -- MemGres Engine created
14:40:53.050 [main] INFO com.memgres.core.MemGresEngine -- MemGres Engine initialized successfully
14:40:53.050 [main] INFO com.memgres.sql.SqlIntegrationTest -- Test setup complete - engine and SQL execution engine initialized
14:40:53.050 [main] INFO com.memgres.sql.SqlIntegrationTest -- Starting complete SQL workflow test
14:40:53.050 [main] INFO com.memgres.sql.SqlIntegrationTest -- CREATE TABLE executed successfully: Table users created successfully
14:40:53.051 [main] INFO com.memgres.sql.SqlIntegrationTest -- First INSERT executed successfully: 1 rows affected
14:40:53.051 [main] INFO com.memgres.sql.SqlIntegrationTest -- Additional INSERT statements executed successfully
14:40:53.051 [main] INFO com.memgres.sql.SqlIntegrationTest -- SELECT * executed successfully: 3 rows returned
14:40:53.051 [main] INFO com.memgres.sql.SqlIntegrationTest -- SELECT with WHERE executed successfully: 2 rows returned
14:40:53.051 [main] INFO com.memgres.sql.SqlIntegrationTest -- SELECT with ORDER BY executed successfully: rows properly ordered
14:40:53.052 [main] INFO com.memgres.sql.SqlIntegrationTest -- SELECT with LIMIT executed successfully: 2 rows returned
14:40:53.052 [main] INFO com.memgres.sql.SqlIntegrationTest -- UPDATE executed successfully: 1 rows affected
14:40:53.052 [main] INFO com.memgres.sql.SqlIntegrationTest -- UPDATE verification successful: age updated to 31
14:40:53.053 [main] INFO com.memgres.sql.SqlIntegrationTest -- DELETE executed successfully: 1 rows affected
14:40:53.053 [main] INFO com.memgres.sql.SqlIntegrationTest -- DELETE verification successful: 2 rows remaining
14:40:53.053 [main] INFO com.memgres.sql.SqlIntegrationTest -- Complete SQL workflow test passed successfully!
14:40:53.053 [main] INFO com.memgres.transaction.TransactionManager -- Shutting down transaction manager with 0 active transactions
14:40:53.054 [main] INFO com.memgres.transaction.TransactionManager -- Transaction manager shutdown complete
14:40:53.054 [main] INFO com.memgres.core.MemGresEngine -- MemGres Engine shutdown successfully
14:40:53.054 [main] INFO com.memgres.sql.SqlIntegrationTest -- Test teardown complete - engine shutdown
]]></system-out>
  </testcase>
  <testcase name="testComplexQueries" classname="com.memgres.sql.SqlIntegrationTest" time="0.001">
    <system-out><![CDATA[14:40:53.054 [main] INFO com.memgres.transaction.TransactionManager -- Transaction manager initialized
14:40:53.054 [main] INFO com.memgres.core.MemGresEngine -- MemGres Engine created
14:40:53.054 [main] INFO com.memgres.core.MemGresEngine -- MemGres Engine initialized successfully
14:40:53.054 [main] INFO com.memgres.sql.SqlIntegrationTest -- Test setup complete - engine and SQL execution engine initialized
14:40:53.054 [main] INFO com.memgres.sql.SqlIntegrationTest -- Starting complex queries test
14:40:53.055 [main] INFO com.memgres.sql.SqlIntegrationTest -- Complex queries test passed successfully
14:40:53.055 [main] INFO com.memgres.transaction.TransactionManager -- Shutting down transaction manager with 0 active transactions
14:40:53.055 [main] INFO com.memgres.transaction.TransactionManager -- Transaction manager shutdown complete
14:40:53.055 [main] INFO com.memgres.core.MemGresEngine -- MemGres Engine shutdown successfully
14:40:53.055 [main] INFO com.memgres.sql.SqlIntegrationTest -- Test teardown complete - engine shutdown
]]></system-out>
  </testcase>
  <testcase name="testUuidGeneration" classname="com.memgres.sql.SqlIntegrationTest" time="0.0">
    <system-out><![CDATA[14:40:53.055 [main] INFO com.memgres.transaction.TransactionManager -- Transaction manager initialized
14:40:53.055 [main] INFO com.memgres.core.MemGresEngine -- MemGres Engine created
14:40:53.055 [main] INFO com.memgres.core.MemGresEngine -- MemGres Engine initialized successfully
14:40:53.055 [main] INFO com.memgres.sql.SqlIntegrationTest -- Test setup complete - engine and SQL execution engine initialized
14:40:53.055 [main] INFO com.memgres.sql.SqlIntegrationTest -- Starting UUID generation test
14:40:53.055 [main] INFO com.memgres.sql.SqlIntegrationTest -- UUID generation test passed: generated UUID = d0099a33-3fdd-4d38-a00f-8ab87fbf54dd
14:40:53.055 [main] INFO com.memgres.transaction.TransactionManager -- Shutting down transaction manager with 0 active transactions
14:40:53.055 [main] INFO com.memgres.transaction.TransactionManager -- Transaction manager shutdown complete
14:40:53.055 [main] INFO com.memgres.core.MemGresEngine -- MemGres Engine shutdown successfully
14:40:53.055 [main] INFO com.memgres.sql.SqlIntegrationTest -- Test teardown complete - engine shutdown
]]></system-out>
  </testcase>
  <testcase name="testJoinOptimization" classname="com.memgres.sql.SqlIntegrationTest" time="0.005">
    <system-out><![CDATA[14:40:53.056 [main] INFO com.memgres.transaction.TransactionManager -- Transaction manager initialized
14:40:53.056 [main] INFO com.memgres.core.MemGresEngine -- MemGres Engine created
14:40:53.056 [main] INFO com.memgres.core.MemGresEngine -- MemGres Engine initialized successfully
14:40:53.056 [main] INFO com.memgres.sql.SqlIntegrationTest -- Test setup complete - engine and SQL execution engine initialized
14:40:53.056 [main] INFO com.memgres.sql.SqlIntegrationTest -- Starting JOIN optimization test
14:40:53.061 [main] INFO com.memgres.sql.SqlIntegrationTest -- Hash JOIN optimization test passed - processed 70 rows with optimized algorithm
14:40:53.061 [main] INFO com.memgres.sql.SqlIntegrationTest -- JOIN optimization tests completed successfully
14:40:53.061 [main] INFO com.memgres.transaction.TransactionManager -- Shutting down transaction manager with 0 active transactions
14:40:53.061 [main] INFO com.memgres.transaction.TransactionManager -- Transaction manager shutdown complete
14:40:53.061 [main] INFO com.memgres.core.MemGresEngine -- MemGres Engine shutdown successfully
14:40:53.061 [main] INFO com.memgres.sql.SqlIntegrationTest -- Test teardown complete - engine shutdown
]]></system-out>
  </testcase>
  <testcase name="testErrorHandling" classname="com.memgres.sql.SqlIntegrationTest" time="0.004">
    <system-out><![CDATA[14:40:53.062 [main] INFO com.memgres.transaction.TransactionManager -- Transaction manager initialized
14:40:53.062 [main] INFO com.memgres.core.MemGresEngine -- MemGres Engine created
14:40:53.062 [main] INFO com.memgres.core.MemGresEngine -- MemGres Engine initialized successfully
14:40:53.062 [main] INFO com.memgres.sql.SqlIntegrationTest -- Test setup complete - engine and SQL execution engine initialized
14:40:53.062 [main] INFO com.memgres.sql.SqlIntegrationTest -- Starting error handling test
14:40:53.065 [main] INFO com.memgres.sql.SqlIntegrationTest -- Error handling test passed successfully - all expected errors were caught
14:40:53.065 [main] INFO com.memgres.transaction.TransactionManager -- Shutting down transaction manager with 0 active transactions
14:40:53.065 [main] INFO com.memgres.transaction.TransactionManager -- Transaction manager shutdown complete
14:40:53.065 [main] INFO com.memgres.core.MemGresEngine -- MemGres Engine shutdown successfully
14:40:53.065 [main] INFO com.memgres.sql.SqlIntegrationTest -- Test teardown complete - engine shutdown
]]></system-out>
  </testcase>
  <testcase name="testJoinOperations" classname="com.memgres.sql.SqlIntegrationTest" time="0.002">
    <system-out><![CDATA[14:40:53.066 [main] INFO com.memgres.transaction.TransactionManager -- Transaction manager initialized
14:40:53.066 [main] INFO com.memgres.core.MemGresEngine -- MemGres Engine created
14:40:53.066 [main] INFO com.memgres.core.MemGresEngine -- MemGres Engine initialized successfully
14:40:53.066 [main] INFO com.memgres.sql.SqlIntegrationTest -- Test setup complete - engine and SQL execution engine initialized
14:40:53.066 [main] INFO com.memgres.sql.SqlIntegrationTest -- Starting JOIN operations test
14:40:53.067 [main] INFO com.memgres.sql.SqlIntegrationTest -- INNER JOIN test passed - found 3 matching rows
14:40:53.067 [main] INFO com.memgres.sql.SqlIntegrationTest -- LEFT JOIN test passed - found 5 rows
14:40:53.068 [main] INFO com.memgres.sql.SqlIntegrationTest -- RIGHT JOIN test passed - found 4 rows
14:40:53.068 [main] INFO com.memgres.sql.SqlIntegrationTest -- FULL OUTER JOIN test passed - found 6 rows
14:40:53.068 [main] INFO com.memgres.sql.SqlIntegrationTest -- Skipping WHERE clause test - qualified column names feature pending
14:40:53.068 [main] INFO com.memgres.sql.SqlIntegrationTest -- Basic JOIN test passed - found 3 joined rows
14:40:53.068 [main] INFO com.memgres.sql.SqlIntegrationTest -- All JOIN operations tests passed successfully
14:40:53.068 [main] INFO com.memgres.transaction.TransactionManager -- Shutting down transaction manager with 0 active transactions
14:40:53.068 [main] INFO com.memgres.transaction.TransactionManager -- Transaction manager shutdown complete
14:40:53.068 [main] INFO com.memgres.core.MemGresEngine -- MemGres Engine shutdown successfully
14:40:53.068 [main] INFO com.memgres.sql.SqlIntegrationTest -- Test teardown complete - engine shutdown
]]></system-out>
  </testcase>
  <testcase name="testTransactionIsolation" classname="com.memgres.sql.SqlIntegrationTest" time="0.001">
    <system-out><![CDATA[14:40:53.068 [main] INFO com.memgres.transaction.TransactionManager -- Transaction manager initialized
14:40:53.068 [main] INFO com.memgres.core.MemGresEngine -- MemGres Engine created
14:40:53.068 [main] INFO com.memgres.core.MemGresEngine -- MemGres Engine initialized successfully
14:40:53.068 [main] INFO com.memgres.sql.SqlIntegrationTest -- Test setup complete - engine and SQL execution engine initialized
14:40:53.068 [main] INFO com.memgres.sql.SqlIntegrationTest -- Starting transaction isolation test
14:40:53.069 [main] INFO com.memgres.sql.SqlIntegrationTest -- Transaction isolation test passed successfully
14:40:53.069 [main] INFO com.memgres.transaction.TransactionManager -- Shutting down transaction manager with 0 active transactions
14:40:53.069 [main] INFO com.memgres.transaction.TransactionManager -- Transaction manager shutdown complete
14:40:53.069 [main] INFO com.memgres.core.MemGresEngine -- MemGres Engine shutdown successfully
14:40:53.069 [main] INFO com.memgres.sql.SqlIntegrationTest -- Test teardown complete - engine shutdown
]]></system-out>
  </testcase>
</testsuite>