<?xml version="1.0" encoding="UTF-8"?>
<testsuite xmlns:xsi="http://www.w3.org/2001/XMLSchema-instance" xsi:noNamespaceSchemaLocation="https://maven.apache.org/surefire/maven-surefire-plugin/xsd/surefire-test-report-3.0.xsd" version="3.0" name="com.memgres.sql.SimpleSubqueryTest" time="0.002" tests="2" errors="0" skipped="0" failures="0">
  <properties>
[...]
</properties>
  <testcase name="testBasicSelectFirst" classname="com.memgres.sql.SimpleSubqueryTest" time="0.001">
    <system-out><![CDATA[14:40:53.085 [main] INFO com.memgres.transaction.TransactionManager -- Transaction manager initialized
14:40:53.085 [main] INFO com.memgres.core.MemGresEngine -- MemGres Engine created
14:40:53.085 [main] INFO com.memgres.core.MemGresEngine -- MemGres Engine initialized successfully
14:40:53.085 [main] INFO com.memgres.sql.SimpleSubqueryTest -- Simple subquery test setup complete
14:40:53.085 [main] INFO com.memgres.sql.SimpleSubqueryTest -- Testing basic SELECT without subqueries
14:40:53.086 [main] INFO com.memgres.sql.SimpleSubqueryTest -- Basic SELECT test passed - 1 rows returned
14:40:53.086 [main] INFO com.memgres.transaction.TransactionManager -- Shutting down transaction manager with 0 active transactions
14:40:53.086 [main] INFO com.memgres.transaction.TransactionManager -- Transaction manager shutdown complete
14:40:53.086 [main] INFO com.memgres.core.MemGresEngine -- MemGres Engine shutdown successfully
14:40:53.086 [main] INFO com.memgres.sql.SimpleSubqueryTest -- Simple subquery test teardown complete
]]></system-out>
  </testcase>
  <testcase name="testSimplestSubquery" classname="com.memgres.sql.SimpleSubqueryTest" time="0.0">
    <system-out><![CDATA[14:40:53.086 [main] INFO com.memgres.transaction.TransactionManager -- Transaction manager initialized
14:40:53.086 [main] INFO com.memgres.core.MemGresEngine -- MemGres Engine created
14:40:53.086 [main] INFO com.memgres.core.MemGresEngine -- MemGres Engine initialized successfully
14:40:53.086 [main] INFO com.memgres.sql.SimpleSubqueryTest -- Simple subquery test setup complete
14:40:53.086 [main] INFO com.memgres.sql.SimpleSubqueryTest -- Testing simplest possible subquery
14:40:53.086 [main] INFO com.memgres.sql.SimpleSubqueryTest -- Simplest subquery test passed
14:40:53.086 [main] INFO com.memgres.transaction.TransactionManager -- Shutting down transaction manager with 0 active transactions
14:40:53.086 [main] INFO com.memgres.transaction.TransactionManager -- Transaction manager shutdown complete
14:40:53.086 [main] INFO com.memgres.core.MemGresEngine -- MemGres Engine shutdown successfully
14:40:53.086 [main] INFO com.memgres.sql.SimpleSubqueryTest -- Simple subquery test teardown complete
]]></system-out>
  </testcase>
</testsuite>